[2019-10-31 04:19:27] START
[2019-10-31 04:19:51] CREATE tables.py: 0
[2019-10-31 04:20:13] CREATE despesa.py: 0
[2019-10-31 04:20:22] CREATE mercadoria.py: 0
[2019-10-31 04:20:30] CREATE equipe.py: 0
[2019-10-31 04:30:29] EDIT sales_leader/models/tables.py: 79
[2019-10-31 04:30:42] EDIT sales_leader/models/tables.py: 0
[2019-10-31 04:31:32] CREATE projeto.py: 0
[2019-10-31 04:32:14] EDIT sales_leader/controllers/projeto.py: 4
[2019-10-31 04:32:54] CREATE projeto/listar_projetos.html: 0
[2019-10-31 04:33:09] EDIT sales_leader/views/projeto/listar_projetos.html: 28
[2019-10-31 04:33:47] EDIT sales_leader/views/projeto/listar_projetos.html: -1
[2019-10-31 04:36:09] EDIT sales_leader/views/layout.html: 0
[2019-10-31 04:38:11] EDIT sales_leader/controllers/projeto.py: 11
[2019-10-31 04:38:27] CREATE projeto/criar_projeto.html: 0
[2019-10-31 04:38:43] EDIT sales_leader/views/projeto/criar_projeto.html: 2
[2019-10-31 04:40:41] EDIT sales_leader/models/tables.py: -5
[2019-10-31 04:42:22] EDIT sales_leader/controllers/projeto.py: 14
[2019-10-31 04:42:45] CREATE projeto/alterar_projeto.html: 0
[2019-10-31 04:43:03] EDIT sales_leader/views/projeto/alterar_projeto.html: 2
[2019-10-31 04:44:08] EDIT sales_leader/controllers/projeto.py: 3
[2019-10-31 04:44:18] EDIT sales_leader/controllers/projeto.py: 0
[2019-10-31 04:44:32] CREATE projeto/acesso_geral_projeto.html: 0
[2019-10-31 04:45:16] EDIT sales_leader/views/projeto/acesso_geral_projeto.html: 1
[2019-10-31 04:46:29] EDIT sales_leader/views/projeto/acesso_geral_projeto.html: 3
[2019-10-31 04:49:04] EDIT sales_leader/views/projeto/acesso_geral_projeto.html: 12
[2019-10-31 04:49:44] EDIT sales_leader/views/projeto/acesso_geral_projeto.html: 5
[2019-10-31 04:50:43] EDIT sales_leader/views/projeto/acesso_geral_projeto.html: 0
[2019-10-31 04:51:44] EDIT sales_leader/views/projeto/acesso_geral_projeto.html: 0
[2019-10-31 04:52:14] EDIT sales_leader/controllers/mercadoria.py: 3
[2019-10-31 04:52:28] CREATE mercadoria/listar_merc.html: 0
[2019-10-31 04:53:43] EDIT sales_leader/views/mercadoria/listar_merc.html: 33
[2019-10-31 04:54:04] EDIT sales_leader/views/mercadoria/listar_merc.html: 3
[2019-10-31 04:55:19] EDIT sales_leader/controllers/mercadoria.py: 16
[2019-10-31 04:55:45] EDIT sales_leader/controllers/mercadoria.py: 0
[2019-10-31 04:55:53] EDIT sales_leader/controllers/mercadoria.py: 0
[2019-10-31 04:56:17] EDIT sales_leader/controllers/mercadoria.py: 0
[2019-10-31 04:56:27] EDIT sales_leader/views/mercadoria/listar_merc.html: 0
[2019-10-31 04:56:50] CREATE mercadoria/inserir_merc.html: 0
[2019-10-31 04:57:08] EDIT sales_leader/views/mercadoria/inserir_merc.html: 0
[2019-10-31 04:58:41] EDIT sales_leader/controllers/mercadoria.py: 17
[2019-10-31 04:59:09] EDIT sales_leader/views/mercadoria/listar_merc.html: 0
[2019-10-31 04:59:33] CREATE mercadoria/alterar_merc.html: 0
[2019-10-31 04:59:44] EDIT sales_leader/views/mercadoria/alterar_merc.html: 0
[2019-10-31 05:01:01] EDIT sales_leader/controllers/mercadoria.py: 1
[2019-10-31 05:01:49] EDIT sales_leader/controllers/mercadoria.py: 1
[2019-10-31 05:04:20] EDIT sales_leader/views/projeto/acesso_geral_projeto.html: 0
[2019-10-31 05:05:35] EDIT sales_leader/views/mercadoria/listar_merc.html: 1
[2019-10-31 05:21:45] EDIT sales_leader/views/projeto/acesso_geral_projeto.html: 25
[2019-10-31 05:22:17] EDIT sales_leader/views/projeto/acesso_geral_projeto.html: 0
[2019-10-31 05:22:57] EDIT sales_leader/views/projeto/acesso_geral_projeto.html: 0
[2019-10-31 05:23:59] EDIT sales_leader/views/projeto/acesso_geral_projeto.html: 1
[2019-10-31 05:25:19] EDIT sales_leader/views/projeto/acesso_geral_projeto.html: 1
[2019-10-31 05:25:25] EDIT sales_leader/views/projeto/acesso_geral_projeto.html: 0
[2019-10-31 05:25:42] EDIT sales_leader/views/projeto/acesso_geral_projeto.html: 0
[2019-10-31 05:27:43] EDIT sales_leader/controllers/equipe.py: 3
[2019-10-31 05:27:58] CREATE equipe/listar_vendedor.html: 0
[2019-10-31 05:29:17] EDIT sales_leader/views/equipe/listar_vendedor.html: 61
[2019-10-31 05:29:57] EDIT sales_leader/views/equipe/listar_vendedor.html: -1
[2019-10-31 05:30:28] EDIT sales_leader/views/equipe/listar_vendedor.html: 0
[2019-10-31 05:30:33] EDIT sales_leader/views/equipe/listar_vendedor.html: 0
[2019-10-31 05:30:51] EDIT sales_leader/views/equipe/listar_vendedor.html: -1
[2019-10-31 05:31:58] EDIT sales_leader/views/equipe/listar_vendedor.html: 1
[2019-10-31 05:32:52] EDIT sales_leader/controllers/equipe.py: 19
[2019-10-31 05:33:07] CREATE equipe/inserir_vendedor.html: 0
[2019-10-31 05:33:21] EDIT sales_leader/views/equipe/inserir_vendedor.html: 0
[2019-10-31 05:35:22] EDIT sales_leader/views/equipe/listar_vendedor.html: 2
[2019-10-31 05:35:24] EDIT sales_leader/views/equipe/listar_vendedor.html: 0
[2019-10-31 05:37:47] EDIT sales_leader/views/equipe/listar_vendedor.html: 0
[2019-10-31 05:38:28] EDIT sales_leader/views/equipe/listar_vendedor.html: 0
[2019-10-31 05:39:05] EDIT sales_leader/views/equipe/listar_vendedor.html: 0
[2019-10-31 05:40:36] EDIT sales_leader/views/equipe/listar_vendedor.html: 0
[2019-10-31 05:41:24] EDIT sales_leader/views/equipe/listar_vendedor.html: 1
[2019-10-31 05:41:43] EDIT sales_leader/views/equipe/listar_vendedor.html: 0
[2019-10-31 05:44:06] EDIT sales_leader/views/equipe/listar_vendedor.html: 2
[2019-10-31 05:45:24] EDIT sales_leader/views/equipe/listar_vendedor.html: 1
[2019-10-31 05:46:04] EDIT sales_leader/views/equipe/listar_vendedor.html: 0
[2019-10-31 05:48:19] EDIT sales_leader/controllers/equipe.py: 3
[2019-10-31 05:49:43] EDIT sales_leader/controllers/equipe.py: 1
[2019-10-31 05:50:09] EDIT sales_leader/controllers/equipe.py: 0
[2019-10-31 05:50:39] EDIT sales_leader/controllers/equipe.py: 0
[2019-10-31 05:51:02] EDIT sales_leader/controllers/equipe.py: 0
[2019-10-31 05:51:26] EDIT sales_leader/controllers/equipe.py: -1
[2019-10-31 05:52:04] EDIT sales_leader/controllers/equipe.py: -1
[2019-10-31 05:52:21] EDIT sales_leader/controllers/equipe.py: 0
[2019-10-31 05:52:34] EDIT sales_leader/controllers/equipe.py: 0
[2019-10-31 05:53:16] EDIT sales_leader/controllers/equipe.py: -2
[2019-10-31 05:53:42] EDIT sales_leader/controllers/equipe.py: 4
[2019-10-31 05:53:56] CREATE equipe/listar_venda.html: 0
[2019-10-31 05:54:48] EDIT sales_leader/controllers/equipe.py: 0
[2019-10-31 05:58:17] EDIT sales_leader/models/tables.py: 1
[2019-10-31 06:02:07] EDIT sales_leader/views/equipe/listar_venda.html: 44
[2019-10-31 06:02:59] EDIT sales_leader/views/equipe/listar_venda.html: 0
[2019-10-31 06:03:05] EDIT sales_leader/models/tables.py: 0
[2019-10-31 06:04:17] EDIT sales_leader/views/equipe/listar_venda.html: 0
[2019-10-31 06:05:02] EDIT sales_leader/views/equipe/listar_venda.html: 0
[2019-10-31 06:05:15] EDIT sales_leader/views/equipe/listar_venda.html: 0
[2019-10-31 06:06:13] EDIT sales_leader/controllers/equipe.py: -1
[2019-10-31 06:06:54] EDIT sales_leader/views/equipe/listar_venda.html: 0
[2019-10-31 06:07:19] EDIT sales_leader/views/equipe/listar_venda.html: 0
[2019-10-31 06:07:41] EDIT sales_leader/controllers/equipe.py: 1
[2019-10-31 06:08:52] EDIT sales_leader/views/equipe/listar_venda.html: 0
[2019-10-31 22:42:21] EDIT sales_leader/controllers/equipe.py: 0
[2019-10-31 22:45:01] EDIT sales_leader/controllers/equipe.py: 15
[2019-10-31 22:45:12] EDIT sales_leader/controllers/equipe.py: 0
[2019-10-31 22:45:38] EDIT sales_leader/controllers/equipe.py: 0
[2019-10-31 22:45:51] EDIT sales_leader/controllers/equipe.py: 0
[2019-10-31 22:45:56] EDIT sales_leader/controllers/equipe.py: 0
[2019-10-31 22:46:15] CREATE equipe/inserir_venda.html: 0
[2019-10-31 22:46:51] EDIT sales_leader/views/equipe/inserir_venda.html: 0
[2019-10-31 22:49:16] EDIT sales_leader/views/equipe/listar_venda.html: 0
[2019-10-31 22:49:20] EDIT sales_leader/views/equipe/listar_venda.html: 0
[2019-10-31 22:52:23] EDIT sales_leader/views/equipe/listar_venda.html: 1
[2019-10-31 22:55:27] EDIT sales_leader/views/equipe/listar_venda.html: 6
[2019-10-31 22:55:49] EDIT sales_leader/views/equipe/listar_venda.html: -1
[2019-10-31 22:56:56] EDIT sales_leader/views/equipe/listar_venda.html: 1
[2019-10-31 22:57:07] EDIT sales_leader/views/equipe/listar_venda.html: 0
[2019-10-31 23:00:04] EDIT sales_leader/controllers/equipe.py: 17
[2019-10-31 23:00:27] CREATE equipe/alterar_vendedor.html: 0
[2019-10-31 23:00:59] EDIT sales_leader/views/equipe/alterar_vendedor.html: 0
[2019-10-31 23:01:40] EDIT sales_leader/models/tables.py: 0
[2019-10-31 23:02:15] EDIT sales_leader/models/tables.py: 0
[2019-10-31 23:04:20] EDIT sales_leader/controllers/equipe.py: 0
[2019-10-31 23:05:57] EDIT sales_leader/views/equipe/listar_vendedor.html: 1
[2019-10-31 23:06:12] EDIT sales_leader/views/equipe/listar_vendedor.html: 0
[2019-10-31 23:06:43] EDIT sales_leader/views/equipe/listar_vendedor.html: 0
[2019-10-31 23:07:19] EDIT sales_leader/views/equipe/inserir_vendedor.html: 0
[2019-10-31 23:08:03] EDIT sales_leader/views/projeto/acesso_geral_projeto.html: 0
[2019-10-31 23:08:21] EDIT sales_leader/views/projeto/acesso_geral_projeto.html: 0
[2019-10-31 23:10:49] EDIT sales_leader/views/projeto/acesso_geral_projeto.html: 2
[2019-10-31 23:11:18] EDIT sales_leader/views/projeto/acesso_geral_projeto.html: 0
[2019-10-31 23:13:19] EDIT sales_leader/views/projeto/acesso_geral_projeto.html: 0
[2019-10-31 23:13:31] EDIT sales_leader/views/projeto/acesso_geral_projeto.html: 0
[2019-10-31 23:14:19] EDIT sales_leader/views/projeto/acesso_geral_projeto.html: 3
[2019-10-31 23:15:39] EDIT sales_leader/views/projeto/acesso_geral_projeto.html: 4
[2019-10-31 23:16:09] EDIT sales_leader/views/projeto/acesso_geral_projeto.html: 0
[2019-10-31 23:16:52] EDIT sales_leader/views/projeto/acesso_geral_projeto.html: 1
[2019-10-31 23:18:43] EDIT sales_leader/controllers/mercadoria.py: 4
[2019-10-31 23:18:49] EDIT sales_leader/controllers/mercadoria.py: 0
[2019-10-31 23:19:33] CREATE mercadoria/listar_retorno.html: 0
[2019-10-31 23:21:12] EDIT sales_leader/views/mercadoria/listar_retorno.html: 34
[2019-10-31 23:21:27] EDIT sales_leader/views/mercadoria/listar_retorno.html: -2
[2019-10-31 23:22:26] EDIT sales_leader/views/mercadoria/listar_retorno.html: 3
[2019-10-31 23:22:53] EDIT sales_leader/views/mercadoria/listar_retorno.html: 0
[2019-10-31 23:23:28] EDIT sales_leader/views/mercadoria/listar_retorno.html: 0
[2019-10-31 23:23:34] EDIT sales_leader/views/mercadoria/listar_retorno.html: 0
[2019-10-31 23:24:56] EDIT sales_leader/controllers/mercadoria.py: 23
[2019-10-31 23:25:25] EDIT sales_leader/controllers/mercadoria.py: 0
[2019-10-31 23:25:44] EDIT sales_leader/controllers/mercadoria.py: 0
[2019-10-31 23:26:05] EDIT sales_leader/controllers/mercadoria.py: 0
[2019-10-31 23:26:34] EDIT sales_leader/controllers/mercadoria.py: 0
[2019-10-31 23:26:48] EDIT sales_leader/controllers/mercadoria.py: 0
[2019-10-31 23:27:32] EDIT sales_leader/controllers/mercadoria.py: 0
[2019-10-31 23:28:03] EDIT sales_leader/controllers/mercadoria.py: 0
[2019-10-31 23:28:18] CREATE mercadoria/alterar_merc_retorno.html: 0
[2019-10-31 23:29:08] EDIT sales_leader/views/mercadoria/alterar_merc_retorno.html: 0
[2019-10-31 23:29:20] EDIT sales_leader/views/mercadoria/alterar_merc_retorno.html: 0
[2019-10-31 23:29:47] EDIT sales_leader/controllers/mercadoria.py: 0
[2019-10-31 23:30:29] EDIT sales_leader/views/mercadoria/listar_retorno.html: 1
[2019-10-31 23:30:39] EDIT sales_leader/views/mercadoria/listar_merc.html: 1
[2019-10-31 23:32:23] EDIT sales_leader/controllers/mercadoria.py: 0
[2019-10-31 23:36:12] EDIT sales_leader/views/projeto/acesso_geral_projeto.html: 7
[2019-10-31 23:37:24] EDIT sales_leader/views/projeto/acesso_geral_projeto.html: 0
[2019-10-31 23:38:35] EDIT sales_leader/views/projeto/acesso_geral_projeto.html: 1
[2019-10-31 23:39:57] EDIT sales_leader/views/projeto/acesso_geral_projeto.html: 1
[2019-10-31 23:40:17] EDIT sales_leader/views/projeto/acesso_geral_projeto.html: 0
[2019-10-31 23:40:46] EDIT sales_leader/views/projeto/acesso_geral_projeto.html: 0
[2019-10-31 23:42:20] EDIT sales_leader/views/projeto/acesso_geral_projeto.html: 2
[2019-10-31 23:43:45] EDIT sales_leader/views/projeto/acesso_geral_projeto.html: 5
[2019-10-31 23:44:32] EDIT sales_leader/views/projeto/acesso_geral_projeto.html: 0
[2019-10-31 23:45:57] EDIT sales_leader/views/projeto/acesso_geral_projeto.html: 0
[2019-10-31 23:46:16] EDIT sales_leader/views/projeto/acesso_geral_projeto.html: -1
[2019-10-31 23:47:50] EDIT sales_leader/views/projeto/acesso_geral_projeto.html: 0
[2019-10-31 23:47:54] EDIT sales_leader/views/projeto/acesso_geral_projeto.html: 0
[2019-10-31 23:48:24] EDIT sales_leader/views/projeto/acesso_geral_projeto.html: 0
[2019-10-31 23:49:44] EDIT sales_leader/views/projeto/acesso_geral_projeto.html: 1
[2019-10-31 23:50:00] EDIT sales_leader/views/projeto/acesso_geral_projeto.html: 0
[2019-10-31 23:50:05] EDIT sales_leader/views/projeto/acesso_geral_projeto.html: 0
[2019-10-31 23:50:26] EDIT sales_leader/views/projeto/acesso_geral_projeto.html: 0
[2019-10-31 23:52:57] EDIT sales_leader/views/projeto/acesso_geral_projeto.html: 1
[2019-10-31 23:53:49] EDIT sales_leader/views/projeto/acesso_geral_projeto.html: 1
[2019-10-31 23:55:25] EDIT sales_leader/views/projeto/acesso_geral_projeto.html: 0
[2019-10-31 23:56:56] EDIT sales_leader/views/projeto/acesso_geral_projeto.html: 0
[2019-10-31 23:58:30] EDIT sales_leader/views/projeto/acesso_geral_projeto.html: 1
[2019-10-31 23:59:24] EDIT sales_leader/views/projeto/acesso_geral_projeto.html: 0
[2019-11-01 18:56:24] EDIT sales_leader/views/projeto/acesso_geral_projeto.html: 0
[2019-11-01 18:58:14] EDIT sales_leader/views/projeto/acesso_geral_projeto.html: 0
[2019-11-01 18:58:43] EDIT sales_leader/views/projeto/acesso_geral_projeto.html: 0
[2019-11-01 18:58:55] EDIT sales_leader/views/projeto/acesso_geral_projeto.html: 0
[2019-11-01 18:59:09] EDIT sales_leader/views/projeto/acesso_geral_projeto.html: 0
[2019-11-01 18:59:30] EDIT sales_leader/views/projeto/acesso_geral_projeto.html: 0
[2019-11-01 19:00:30] EDIT sales_leader/views/projeto/acesso_geral_projeto.html: 1
[2019-11-01 19:02:56] EDIT sales_leader/views/projeto/acesso_geral_projeto.html: 0
[2019-11-01 19:03:22] EDIT sales_leader/views/projeto/acesso_geral_projeto.html: 0
[2019-11-01 19:03:50] EDIT sales_leader/views/projeto/acesso_geral_projeto.html: 0
[2019-11-01 19:04:13] EDIT sales_leader/views/projeto/acesso_geral_projeto.html: 0
[2019-11-01 19:04:41] EDIT sales_leader/views/projeto/acesso_geral_projeto.html: 0
[2019-11-01 19:07:12] EDIT sales_leader/views/projeto/acesso_geral_projeto.html: 4
[2019-11-01 19:09:26] EDIT sales_leader/views/projeto/acesso_geral_projeto.html: 1
[2019-11-01 19:36:31] EDIT sales_leader/views/projeto/acesso_geral_projeto.html: 0
[2019-11-01 19:38:34] EDIT sales_leader/controllers/despesa.py: 3
[2019-11-01 19:38:42] EDIT sales_leader/controllers/despesa.py: 0
[2019-11-01 19:39:01] CREATE despesa/listar_despesas.html: 0
[2019-11-01 19:40:07] EDIT sales_leader/views/despesa/listar_despesas.html: 26
[2019-11-01 19:41:53] EDIT sales_leader/controllers/despesa.py: 18
[2019-11-01 19:42:27] EDIT sales_leader/controllers/despesa.py: 0
[2019-11-01 19:42:30] EDIT sales_leader/controllers/despesa.py: 0
[2019-11-01 19:42:34] EDIT sales_leader/controllers/despesa.py: 0
[2019-11-01 19:42:58] EDIT sales_leader/controllers/despesa.py: -3
[2019-11-01 19:42:59] EDIT sales_leader/controllers/despesa.py: 0
[2019-11-01 19:43:15] EDIT sales_leader/controllers/despesa.py: 0
[2019-11-01 19:43:26] EDIT sales_leader/controllers/despesa.py: 0
[2019-11-01 19:43:47] CREATE despesa/inserir_desp.html: 0
[2019-11-01 19:44:14] EDIT sales_leader/views/despesa/inserir_desp.html: 0
[2019-11-01 19:44:37] EDIT sales_leader/controllers/despesa.py: 0
[2019-11-01 19:45:06] EDIT sales_leader/controllers/despesa.py: 0
[2019-11-01 19:46:26] EDIT sales_leader/controllers/despesa.py: 17
[2019-11-01 19:46:39] EDIT sales_leader/controllers/despesa.py: 0
[2019-11-01 19:46:57] EDIT sales_leader/controllers/despesa.py: 0
[2019-11-01 19:47:14] CREATE despesa/alterar_desp.html: 0
[2019-11-01 19:47:25] EDIT sales_leader/views/despesa/alterar_desp.html: 0
[2019-11-01 19:48:07] EDIT sales_leader/views/despesa/listar_despesas.html: 1
[2019-11-01 19:48:44] EDIT sales_leader/views/despesa/listar_despesas.html: 0
[2019-11-01 19:50:56] EDIT sales_leader/views/projeto/acesso_geral_projeto.html: 2
[2019-11-01 19:51:19] EDIT sales_leader/views/projeto/acesso_geral_projeto.html: 0
[2019-11-01 19:52:22] EDIT sales_leader/views/projeto/acesso_geral_projeto.html: 2
[2019-11-01 19:53:27] EDIT sales_leader/controllers/equipe.py: 4
[2019-11-01 19:53:41] CREATE equipe/listar_funcionarios.html: 0
[2019-11-01 19:54:40] EDIT sales_leader/views/equipe/listar_funcionarios.html: 43
[2019-11-01 19:56:22] EDIT sales_leader/controllers/equipe.py: 15
[2019-11-01 19:56:41] CREATE equipe/inserir_funcionario.html: 0
[2019-11-01 19:57:14] EDIT sales_leader/views/equipe/inserir_funcionario.html: 0
[2019-11-01 19:57:31] EDIT sales_leader/views/equipe/inserir_funcionario.html: 0
[2019-11-01 19:57:57] EDIT sales_leader/views/equipe/inserir_funcionario.html: 0
[2019-11-01 19:59:00] EDIT sales_leader/controllers/equipe.py: 0
[2019-11-01 20:00:10] EDIT sales_leader/controllers/equipe.py: 18
[2019-11-01 20:00:27] CREATE equipe/alterar_funcionaro.html: 0
[2019-11-01 20:00:38] EDIT sales_leader/controllers/equipe.py: 0
[2019-11-01 20:00:54] EDIT sales_leader/views/equipe/alterar_funcionaro.html: 0
[2019-11-01 20:02:12] EDIT sales_leader/views/equipe/listar_funcionarios.html: 1
[2019-11-01 20:04:22] EDIT sales_leader/views/projeto/acesso_geral_projeto.html: -3
[2019-11-01 20:05:19] EDIT sales_leader/views/projeto/acesso_geral_projeto.html: 1
[2019-11-01 20:06:42] EDIT sales_leader/views/projeto/acesso_geral_projeto.html: 1
[2019-11-01 20:08:04] EDIT sales_leader/views/projeto/acesso_geral_projeto.html: 1
[2019-11-01 20:12:01] EDIT sales_leader/controllers/equipe.py: 18
[2019-11-01 20:12:29] CREATE equipe/alterar_venda.html: 0
[2019-11-01 20:12:45] EDIT sales_leader/views/equipe/alterar_venda.html: 0
[2019-11-01 20:12:54] EDIT sales_leader/views/equipe/alterar_venda.html: 0
[2019-11-01 20:22:35] EDIT sales_leader/models/menu.py: -94
[2019-11-01 20:31:29] EDIT sales_leader/views/mercadoria/listar_merc.html: 4
[2019-11-01 20:31:51] EDIT sales_leader/views/mercadoria/listar_merc.html: 0
[2019-11-01 20:33:31] EDIT sales_leader/views/mercadoria/listar_merc.html: 2
[2019-11-01 20:35:17] EDIT sales_leader/views/mercadoria/listar_merc.html: 1
[2019-11-01 20:44:03] EDIT sales_leader/controllers/equipe.py: 0
[2019-11-01 20:44:12] EDIT sales_leader/controllers/equipe.py: 0
[2019-11-06 01:21:36] EDIT sales_leader/views/projeto/acesso_geral_projeto.html: 1
[2019-11-06 01:24:13] EDIT sales_leader/views/projeto/acesso_geral_projeto.html: 5
[2019-11-06 01:24:45] EDIT sales_leader/views/projeto/acesso_geral_projeto.html: 0
[2019-11-06 01:27:57] EDIT sales_leader/views/projeto/acesso_geral_projeto.html: 4
[2019-11-06 01:28:01] EDIT sales_leader/views/projeto/acesso_geral_projeto.html: 0
[2019-11-06 01:29:05] EDIT sales_leader/views/projeto/acesso_geral_projeto.html: 3
[2019-11-06 01:29:20] EDIT sales_leader/views/projeto/acesso_geral_projeto.html: 1
[2019-11-06 01:31:09] EDIT sales_leader/views/mercadoria/listar_retorno.html: 0
[2019-11-06 01:33:19] EDIT sales_leader/views/mercadoria/listar_retorno.html: 0
[2019-11-06 01:34:25] EDIT sales_leader/views/mercadoria/listar_merc.html: 0
[2019-11-06 01:34:57] EDIT sales_leader/views/mercadoria/listar_merc.html: 0
[2019-11-06 01:40:57] EDIT sales_leader/views/equipe/listar_vendedor.html: 0
[2019-11-06 01:42:40] EDIT sales_leader/views/equipe/listar_vendedor.html: 0
[2019-11-06 01:43:27] EDIT sales_leader/views/equipe/listar_vendedor.html: 0
