timestamp: 2019-10-31T04:21:18.421484
CREATE TABLE "auth_user"(
    "id" INTEGER PRIMARY KEY AUTOINCREMENT,
    "first_name" CHAR(128),
    "last_name" CHAR(128),
    "email" CHAR(512),
    "password" CHAR(512),
    "registration_key" CHAR(512),
    "reset_password_key" CHAR(512),
    "registration_id" CHAR(512)
);
success!
timestamp: 2019-10-31T04:21:18.483712
CREATE TABLE "auth_group"(
    "id" INTEGER PRIMARY KEY AUTOINCREMENT,
    "role" CHAR(512),
    "description" TEXT
);
success!
timestamp: 2019-10-31T04:21:18.527867
CREATE TABLE "auth_membership"(
    "id" INTEGER PRIMARY KEY AUTOINCREMENT,
    "user_id" INTEGER REFERENCES "auth_user" ("id") ON DELETE CASCADE  ,
    "group_id" INTEGER REFERENCES "auth_group" ("id") ON DELETE CASCADE  
);
success!
timestamp: 2019-10-31T04:21:18.580974
CREATE TABLE "auth_permission"(
    "id" INTEGER PRIMARY KEY AUTOINCREMENT,
    "group_id" INTEGER REFERENCES "auth_group" ("id") ON DELETE CASCADE  ,
    "name" CHAR(512),
    "table_name" CHAR(512),
    "record_id" INTEGER
);
success!
timestamp: 2019-10-31T04:21:18.628386
CREATE TABLE "auth_event"(
    "id" INTEGER PRIMARY KEY AUTOINCREMENT,
    "time_stamp" TIMESTAMP,
    "client_ip" CHAR(512),
    "user_id" INTEGER REFERENCES "auth_user" ("id") ON DELETE CASCADE  ,
    "origin" CHAR(512),
    "description" TEXT
);
success!
timestamp: 2019-10-31T04:21:18.674623
CREATE TABLE "auth_cas"(
    "id" INTEGER PRIMARY KEY AUTOINCREMENT,
    "user_id" INTEGER REFERENCES "auth_user" ("id") ON DELETE CASCADE  ,
    "created_on" TIMESTAMP,
    "service" CHAR(512),
    "ticket" CHAR(512),
    "renew" CHAR(1)
);
success!
timestamp: 2019-10-31T04:31:39.686922
CREATE TABLE "projeto"(
    "id" INTEGER PRIMARY KEY AUTOINCREMENT,
    "nome" CHAR(512) NOT NULL,
    "nome_chefe" CHAR(512),
    "primeira_cidade" CHAR(512),
    "vale_saida_chefe" DOUBLE NOT NULL DEFAULT 0.0,
    "adiantamento_dinh_venda" DOUBLE NOT NULL DEFAULT 0.0,
    "comissao_chefe_venda" DOUBLE NOT NULL DEFAULT 3.0,
    "data_saida_venda" DATE,
    "data_cobranca" DATE,
    "comissao_chefe_cobranca" DOUBLE NOT NULL DEFAULT 5.0,
    "devolucao_dinh_venda" DOUBLE NOT NULL DEFAULT 0.0,
    "data_chegada_venda" DATE,
    "ultima_cidade" CHAR(512),
    "ultima_data_cobranca" DATE,
    "nome_cobrador" CHAR(512),
    "total_valor_depesa_venda" DOUBLE NOT NULL DEFAULT 0.0,
    "total_quant_pcs_envio" INTEGER NOT NULL DEFAULT 0,
    "total_preco_envio" DOUBLE NOT NULL DEFAULT 0.0,
    "total_quant_pcs_retorno" INTEGER NOT NULL DEFAULT 0,
    "total_preco_retorno" DOUBLE NOT NULL DEFAULT 0.0,
    "total_quant_pcs_devolucao" INTEGER NOT NULL DEFAULT 0,
    "total_preco_devolucao" DOUBLE NOT NULL DEFAULT 0.0,
    "total_salario" DOUBLE NOT NULL DEFAULT 0.0,
    "total_vale_saida_funcionario" DOUBLE NOT NULL DEFAULT 0.0,
    "total_vale_caderno_funcionario" DOUBLE NOT NULL DEFAULT 0.0,
    "total_recebido_chegada_funcionario" DOUBLE NOT NULL DEFAULT 0.0,
    "total_vale_saida_vendedor" DOUBLE NOT NULL DEFAULT 0.0,
    "total_vale_caderno_vendedor" DOUBLE NOT NULL DEFAULT 0.0,
    "total_venda" DOUBLE NOT NULL DEFAULT 0.0,
    "total_entradas_venda" DOUBLE NOT NULL DEFAULT 0.0,
    "total_quant_fichas" INTEGER NOT NULL DEFAULT 0,
    "total_comis_venda_vendedor" DOUBLE NOT NULL DEFAULT 0.0,
    "total_venda_vista" DOUBLE NOT NULL DEFAULT 0.0,
    "is_active" CHAR(1),
    "created_on" TIMESTAMP,
    "created_by" INTEGER REFERENCES "auth_user" ("id") ON DELETE CASCADE  ,
    "modified_on" TIMESTAMP,
    "modified_by" INTEGER REFERENCES "auth_user" ("id") ON DELETE CASCADE  
);
success!
timestamp: 2019-10-31T04:31:39.818522
CREATE TABLE "despesa"(
    "id" INTEGER PRIMARY KEY AUTOINCREMENT,
    "projeto" INTEGER REFERENCES "projeto" ("id") ON DELETE CASCADE  ,
    "descricao" CHAR(512) NOT NULL DEFAULT 'Valor Gasto',
    "valor" DOUBLE NOT NULL DEFAULT 0.0,
    "tipo_desp" CHAR(512) NOT NULL DEFAULT '',
    "is_active" CHAR(1),
    "created_on" TIMESTAMP,
    "created_by" INTEGER REFERENCES "auth_user" ("id") ON DELETE CASCADE  ,
    "modified_on" TIMESTAMP,
    "modified_by" INTEGER REFERENCES "auth_user" ("id") ON DELETE CASCADE  
);
success!
timestamp: 2019-10-31T04:31:39.901417
CREATE TABLE "mercadoria"(
    "id" INTEGER PRIMARY KEY AUTOINCREMENT,
    "projeto" INTEGER REFERENCES "projeto" ("id") ON DELETE CASCADE  ,
    "quant_pcs_enviada" INTEGER NOT NULL DEFAULT 0,
    "descricao" CHAR(512) NOT NULL,
    "preco_unitario" DOUBLE NOT NULL DEFAULT 0.0,
    "quant_pcs_retorno" INTEGER NOT NULL DEFAULT 0,
    "is_active" CHAR(1),
    "created_on" TIMESTAMP,
    "created_by" INTEGER REFERENCES "auth_user" ("id") ON DELETE CASCADE  ,
    "modified_on" TIMESTAMP,
    "modified_by" INTEGER REFERENCES "auth_user" ("id") ON DELETE CASCADE  
);
success!
timestamp: 2019-10-31T04:31:39.993290
CREATE TABLE "funcionario"(
    "id" INTEGER PRIMARY KEY AUTOINCREMENT,
    "projeto" INTEGER REFERENCES "projeto" ("id") ON DELETE CASCADE  ,
    "nome_funcionario" CHAR(512),
    "funcao" CHAR(512),
    "salario_funcionario" DOUBLE NOT NULL DEFAULT 1000.0,
    "vale_saida_funcionario" DOUBLE NOT NULL DEFAULT 0.0,
    "vale_caderno_funcionario" DOUBLE NOT NULL DEFAULT 0.0,
    "is_active" CHAR(1),
    "created_on" TIMESTAMP,
    "created_by" INTEGER REFERENCES "auth_user" ("id") ON DELETE CASCADE  ,
    "modified_on" TIMESTAMP,
    "modified_by" INTEGER REFERENCES "auth_user" ("id") ON DELETE CASCADE  
);
success!
timestamp: 2019-10-31T04:31:40.060786
CREATE TABLE "vendedor"(
    "id" INTEGER PRIMARY KEY AUTOINCREMENT,
    "projeto" INTEGER REFERENCES "projeto" ("id") ON DELETE CASCADE  ,
    "nome_vendedor" CHAR(512),
    "vale_saida" DOUBLE NOT NULL DEFAULT 0.0,
    "vale_caderno" DOUBLE NOT NULL DEFAULT 0.0,
    "vendapraso" DOUBLE NOT NULL DEFAULT 0.0,
    "vendavista" DOUBLE NOT NULL DEFAULT 0.0,
    "entradas_venda" DOUBLE NOT NULL DEFAULT 0.0,
    "quant_fichas" INTEGER NOT NULL DEFAULT 0,
    "comissao_venda" DOUBLE NOT NULL DEFAULT 7.0,
    "is_active" CHAR(1),
    "created_on" TIMESTAMP,
    "created_by" INTEGER REFERENCES "auth_user" ("id") ON DELETE CASCADE  ,
    "modified_on" TIMESTAMP,
    "modified_by" INTEGER REFERENCES "auth_user" ("id") ON DELETE CASCADE  
);
success!
timestamp: 2019-10-31T04:31:40.113179
CREATE TABLE "venda"(
    "id" INTEGER PRIMARY KEY AUTOINCREMENT,
    "vendedor" INTEGER REFERENCES "vendedor" ("id") ON DELETE CASCADE  ,
    "vale_caderno" DOUBLE NOT NULL DEFAULT 0.0,
    "quant_fichas" INTEGER NOT NULL DEFAULT 0,
    "vendapraso" DOUBLE NOT NULL DEFAULT 0.0,
    "entradas_venda" DOUBLE NOT NULL DEFAULT 0.0,
    "vendavista" DOUBLE NOT NULL DEFAULT 0.0,
    "is_active" CHAR(1),
    "created_on" TIMESTAMP,
    "created_by" INTEGER REFERENCES "auth_user" ("id") ON DELETE CASCADE  ,
    "modified_on" TIMESTAMP,
    "modified_by" INTEGER REFERENCES "auth_user" ("id") ON DELETE CASCADE  
);
success!
success!
success!
success!
success!
success!
success!
success!
success!
success!
success!
success!
success!
success!
success!
success!
success!
success!
success!
success!
success!
success!
success!
success!
success!
success!
success!
success!
success!
success!
success!
success!
success!
success!
success!
success!
success!
success!
success!
success!
success!
success!
success!
success!
success!
success!
success!
success!
success!
success!
success!
success!
success!
success!
success!
success!
success!
success!
success!
success!
success!
success!
success!
success!
success!
success!
success!
success!
success!
success!
success!
success!
success!
success!
success!
success!
success!
success!
success!
success!
success!
success!
success!
success!
success!
success!
success!
success!
success!
success!
success!
success!
success!
success!
success!
success!
success!
success!
success!
success!
success!
success!
success!
success!
success!
success!
success!
success!
success!
success!
success!
success!
success!
success!
success!
success!
success!
success!
success!
success!
success!
success!
success!
success!
success!
success!
success!
success!
success!
success!
success!
success!
success!
success!
success!
success!
success!
success!
success!
success!
success!
success!
success!
success!
success!
success!
success!
success!
success!
success!
success!
success!
success!
success!
success!
success!
success!
success!
success!
success!
success!
success!
success!
success!
success!
success!
success!
success!
success!
success!
success!
success!
success!
success!
success!
success!
success!
success!
success!
success!
success!
timestamp: 2019-10-31T06:03:11.857392
ALTER TABLE "venda" ADD "data_venda" DATE;
success!
success!
success!
success!
success!
success!
success!
success!
success!
success!
success!
success!
success!
success!
success!
success!
success!
success!
success!
success!
success!
success!
success!
success!
success!
success!
success!
